Start testing: Jan 26 14:17 MSK
----------------------------------------------------------
1/1 Testing: google_test
1/1 Test: google_test
Command: "/home/yuri/repo/cmake-cookbook/mytest/chapter04/recipe-03/cxx-example/build/cpp_test"
Directory: /home/yuri/repo/cmake-cookbook/mytest/chapter04/recipe-03/cxx-example/build
"google_test" start time: Jan 26 14:17 MSK
Output:
----------------------------------------------------------
[==========] Running 2 tests from 1 test case.
[----------] Global test environment set-up.
[----------] 2 tests from example
[ RUN      ] example.sum_zero
[       OK ] example.sum_zero (0 ms)
[ RUN      ] example.sum_five
[       OK ] example.sum_five (0 ms)
[----------] 2 tests from example (0 ms total)

[----------] Global test environment tear-down
[==========] 2 tests from 1 test case ran. (1 ms total)
[  PASSED  ] 2 tests.
<end of output>
Test time =   0.00 sec
----------------------------------------------------------
Test Passed.
"google_test" end time: Jan 26 14:17 MSK
"google_test" time elapsed: 00:00:00
----------------------------------------------------------

End testing: Jan 26 14:17 MSK
