Start testing: Jan 26 11:48 MSK
----------------------------------------------------------
1/1 Testing: catch_test
1/1 Test: catch_test
Command: "/home/yuri/repo/cmake-cookbook/mytest/chapter04/recipe-02/cxx-example/build/cpp_test" "--success"
Directory: /home/yuri/repo/cmake-cookbook/mytest/chapter04/recipe-02/cxx-example/build
"catch_test" start time: Jan 26 11:48 MSK
Output:
----------------------------------------------------------

~~~~~~~~~~~~~~~~~~~~~~~~~~~~~~~~~~~~~~~~~~~~~~~~~~~~~~~~~~~~~~~~~~~~~~~~~~~~~~~
cpp_test is a Catch v2.0.1 host application.
Run with -? for options

-------------------------------------------------------------------------------
Sum of integers for a short vector
-------------------------------------------------------------------------------
/home/yuri/repo/cmake-cookbook/mytest/chapter04/recipe-02/cxx-example/test.cpp:10
...............................................................................

/home/yuri/repo/cmake-cookbook/mytest/chapter04/recipe-02/cxx-example/test.cpp:12: 
PASSED:
  REQUIRE( sum_integers(integers) == 15 )
with expansion:
  15 == 15

-------------------------------------------------------------------------------
Sum of integers for a longer vector
-------------------------------------------------------------------------------
/home/yuri/repo/cmake-cookbook/mytest/chapter04/recipe-02/cxx-example/test.cpp:15
...............................................................................

/home/yuri/repo/cmake-cookbook/mytest/chapter04/recipe-02/cxx-example/test.cpp:20: 
PASSED:
  REQUIRE( sum_integers(integers) == 500500 )
with expansion:
  500500 (0x7a314) == 500500 (0x7a314)

===============================================================================
All tests passed (2 assertions in 2 test cases)

<end of output>
Test time =   0.01 sec
----------------------------------------------------------
Test Passed.
"catch_test" end time: Jan 26 11:48 MSK
"catch_test" time elapsed: 00:00:00
----------------------------------------------------------

End testing: Jan 26 11:48 MSK
