Start testing: Jan 26 10:53 MSK
----------------------------------------------------------
1/4 Testing: bash_test
1/4 Test: bash_test
Command: "/usr/bin/bash" "/home/yuri/repo/cmake-cookbook/mytest/chapter04/recipe-01/cxx-example/test.sh" "/home/yuri/repo/cmake-cookbook/mytest/chapter04/recipe-01/cxx-example/build/sum_up"
Directory: /home/yuri/repo/cmake-cookbook/mytest/chapter04/recipe-01/cxx-example/build
"bash_test" start time: Jan 26 10:53 MSK
Output:
----------------------------------------------------------
<end of output>
Test time =   0.01 sec
----------------------------------------------------------
Test Passed.
"bash_test" end time: Jan 26 10:53 MSK
"bash_test" time elapsed: 00:00:00
----------------------------------------------------------

2/4 Testing: cpp_test
2/4 Test: cpp_test
Command: "/home/yuri/repo/cmake-cookbook/mytest/chapter04/recipe-01/cxx-example/build/cpp_test"
Directory: /home/yuri/repo/cmake-cookbook/mytest/chapter04/recipe-01/cxx-example/build
"cpp_test" start time: Jan 26 10:53 MSK
Output:
----------------------------------------------------------
<end of output>
Test time =   0.00 sec
----------------------------------------------------------
Test Passed.
"cpp_test" end time: Jan 26 10:53 MSK
"cpp_test" time elapsed: 00:00:00
----------------------------------------------------------

3/4 Testing: python_test_long
3/4 Test: python_test_long
Command: "/usr/bin/python3.9" "/home/yuri/repo/cmake-cookbook/mytest/chapter04/recipe-01/cxx-example/test.py" "--executable" "/home/yuri/repo/cmake-cookbook/mytest/chapter04/recipe-01/cxx-example/build/sum_up"
Directory: /home/yuri/repo/cmake-cookbook/mytest/chapter04/recipe-01/cxx-example/build
"python_test_long" start time: Jan 26 10:53 MSK
Output:
----------------------------------------------------------
<end of output>
Test time =   0.06 sec
----------------------------------------------------------
Test Passed.
"python_test_long" end time: Jan 26 10:53 MSK
"python_test_long" time elapsed: 00:00:00
----------------------------------------------------------

4/4 Testing: python_test_short
4/4 Test: python_test_short
Command: "/usr/bin/python3.9" "/home/yuri/repo/cmake-cookbook/mytest/chapter04/recipe-01/cxx-example/test.py" "--short" "--executable" "/home/yuri/repo/cmake-cookbook/mytest/chapter04/recipe-01/cxx-example/build/sum_up"
Directory: /home/yuri/repo/cmake-cookbook/mytest/chapter04/recipe-01/cxx-example/build
"python_test_short" start time: Jan 26 10:53 MSK
Output:
----------------------------------------------------------
<end of output>
Test time =   0.06 sec
----------------------------------------------------------
Test Passed.
"python_test_short" end time: Jan 26 10:53 MSK
"python_test_short" time elapsed: 00:00:00
----------------------------------------------------------

End testing: Jan 26 10:53 MSK
